
prueba:     file format elf64-s390


Disassembly of section .init:

0000000000000520 <_init>:
 520:	eb 6f f0 30 00 24 	stmg	%r6,%r15,48(%r15)
 526:	b9 04 00 1f       	lgr	%r1,%r15
 52a:	a7 fb ff 60       	aghi	%r15,-160
 52e:	e3 10 f0 00 00 24 	stg	%r1,0(%r15)
 534:	c0 c0 00 00 0d 3a 	larl	%r12,1fa8 <_GLOBAL_OFFSET_TABLE_>
 53a:	c0 10 00 00 0d 57 	larl	%r1,1fe8 <__gmon_start__>
 540:	e3 10 10 00 00 04 	lg	%r1,0(%r1)
 546:	b9 02 00 11       	ltgr	%r1,%r1
 54a:	a7 84 00 03       	je	550 <_init+0x30>
 54e:	0d e1             	basr	%r14,%r1
 550:	c0 e5 00 00 01 04 	brasl	%r14,758 <frame_dummy>
 556:	c0 e5 00 00 01 61 	brasl	%r14,818 <__do_global_ctors_aux>
 55c:	e3 40 f1 10 00 04 	lg	%r4,272(%r15)
 562:	eb 6f f0 d0 00 04 	lmg	%r6,%r15,208(%r15)
 568:	07 f4             	br	%r4
 56a:	07 07             	nopr	%r7

Disassembly of section .plt:

000000000000056c <.plt>:
 56c:	e3 10 f0 38 00 24 	stg	%r1,56(%r15)
 572:	c0 10 00 00 0d 1b 	larl	%r1,1fa8 <_GLOBAL_OFFSET_TABLE_>
 578:	d2 07 f0 30 10 08 	mvc	48(8,%r15),8(%r1)
 57e:	e3 10 10 10 00 04 	lg	%r1,16(%r1)
 584:	07 f1             	br	%r1
 586:	07 00             	nopr
 588:	07 00             	nopr
 58a:	07 00             	nopr

000000000000058c <__cxa_finalize@plt>:
 58c:	c0 10 00 00 0d 1a 	larl	%r1,1fc0 <__cxa_finalize@GLIBC_2.2>
 592:	e3 10 10 00 00 04 	lg	%r1,0(%r1)
 598:	07 f1             	br	%r1
 59a:	0d 10             	basr	%r1,%r0
 59c:	e3 10 10 0c 00 14 	lgf	%r1,12(%r1)
 5a2:	c0 f4 ff ff ff e5 	jg	56c <.plt>
 5a8:	00 00 00 00       	.long	0x00000000

00000000000005ac <puts@plt>:
 5ac:	c0 10 00 00 0d 0e 	larl	%r1,1fc8 <puts@GLIBC_2.2>
 5b2:	e3 10 10 00 00 04 	lg	%r1,0(%r1)
 5b8:	07 f1             	br	%r1
 5ba:	0d 10             	basr	%r1,%r0
 5bc:	e3 10 10 0c 00 14 	lgf	%r1,12(%r1)
 5c2:	c0 f4 ff ff ff d5 	jg	56c <.plt>
 5c8:	00 00 00 18       	.long	0x00000018

00000000000005cc <__libc_start_main@plt>:
 5cc:	c0 10 00 00 0d 02 	larl	%r1,1fd0 <__libc_start_main@GLIBC_2.2>
 5d2:	e3 10 10 00 00 04 	lg	%r1,0(%r1)
 5d8:	07 f1             	br	%r1
 5da:	0d 10             	basr	%r1,%r0
 5dc:	e3 10 10 0c 00 14 	lgf	%r1,12(%r1)
 5e2:	c0 f4 ff ff ff c5 	jg	56c <.plt>
 5e8:	00 00 00 30       	.long	0x00000030

Disassembly of section .text:

00000000000005f0 <_start>:
 5f0:	41 40 f0 08       	la	%r4,8(%r15)
 5f4:	e3 30 f0 00 00 04 	lg	%r3,0(%r15)
 5fa:	a7 09 ff f0       	lghi	%r0,-16
 5fe:	b9 80 00 f0       	ngr	%r15,%r0
 602:	a7 fb ff 50       	aghi	%r15,-176
 606:	d7 07 f0 00 f0 00 	xc	0(8,%r15),0(%r15)
 60c:	eb ef f0 a0 00 24 	stmg	%r14,%r15,160(%r15)
 612:	41 70 f0 a0       	la	%r7,160(%r15)
 616:	c0 60 00 00 00 fd 	larl	%r6,810 <__libc_csu_fini>
 61c:	c0 50 00 00 00 c6 	larl	%r5,7a8 <__libc_csu_init>
 622:	c0 20 00 00 0c e7 	larl	%r2,1ff0 <_GLOBAL_OFFSET_TABLE_+0x48>
 628:	e3 20 20 00 00 04 	lg	%r2,0(%r2)
 62e:	c0 e5 ff ff ff cf 	brasl	%r14,5cc <__libc_start_main@plt>
 634:	00 00 07 07       	.long	0x00000707

0000000000000638 <deregister_tm_clones>:
 638:	c0 10 00 00 0c ec 	larl	%r1,2010 <__TMC_END__>
 63e:	c0 20 00 00 0c e9 	larl	%r2,2010 <__TMC_END__>
 644:	ec 12 00 0a 80 64 	cgrje	%r1,%r2,658 <deregister_tm_clones+0x20>
 64a:	c4 18 00 00 0c cb 	lgrl	%r1,1fe0 <_ITM_deregisterTMCloneTable>
 650:	ec 18 00 04 00 7c 	cgije	%r1,0,658 <deregister_tm_clones+0x20>
 656:	07 f1             	br	%r1
 658:	07 fe             	br	%r14
 65a:	07 07             	nopr	%r7
 65c:	07 07             	nopr	%r7
 65e:	07 07             	nopr	%r7

0000000000000660 <register_tm_clones>:
 660:	c0 20 00 00 0c d8 	larl	%r2,2010 <__TMC_END__>
 666:	c0 10 00 00 0c d5 	larl	%r1,2010 <__TMC_END__>
 66c:	b9 09 00 12       	sgr	%r1,%r2
 670:	eb 21 00 03 00 0a 	srag	%r2,%r1,3
 676:	eb 31 00 3f 00 0c 	srlg	%r3,%r1,63
 67c:	b9 08 00 32       	agr	%r3,%r2
 680:	eb 33 00 01 00 0a 	srag	%r3,%r3,1
 686:	ec 38 00 0d 00 7c 	cgije	%r3,0,6a0 <register_tm_clones+0x40>
 68c:	c4 18 00 00 0c b6 	lgrl	%r1,1ff8 <_ITM_registerTMCloneTable>
 692:	ec 18 00 07 00 7c 	cgije	%r1,0,6a0 <register_tm_clones+0x40>
 698:	c0 20 00 00 0c bc 	larl	%r2,2010 <__TMC_END__>
 69e:	07 f1             	br	%r1
 6a0:	07 fe             	br	%r14
 6a2:	07 07             	nopr	%r7
 6a4:	07 07             	nopr	%r7
 6a6:	07 07             	nopr	%r7

00000000000006a8 <__do_global_dtors_aux>:
 6a8:	eb 9f f0 48 00 24 	stmg	%r9,%r15,72(%r15)
 6ae:	c0 90 00 00 0c b1 	larl	%r9,2010 <__TMC_END__>
 6b4:	e3 f0 ff 60 ff 71 	lay	%r15,-160(%r15)
 6ba:	95 00 90 00       	cli	0(%r9),0
 6be:	a7 74 00 3d       	jne	738 <__do_global_dtors_aux+0x90>
 6c2:	c0 10 00 00 0c 8b 	larl	%r1,1fd8 <__cxa_finalize@GLIBC_2.2>
 6c8:	e3 10 10 00 00 02 	ltg	%r1,0(%r1)
 6ce:	a7 84 00 08       	je	6de <__do_global_dtors_aux+0x36>
 6d2:	c4 28 00 00 0c 9b 	lgrl	%r2,2008 <__dso_handle>
 6d8:	c0 e5 ff ff ff 5a 	brasl	%r14,58c <__cxa_finalize@plt>
 6de:	c0 10 00 00 0b 85 	larl	%r1,1de8 <__DTOR_LIST__>
 6e4:	c0 b0 00 00 0b 86 	larl	%r11,1df0 <__DTOR_END__>
 6ea:	c0 a0 00 00 0b 7f 	larl	%r10,1de8 <__DTOR_LIST__>
 6f0:	b9 09 00 b1       	sgr	%r11,%r1
 6f4:	c4 18 00 00 0c 92 	lgrl	%r1,2018 <dtor_idx.7751>
 6fa:	eb bb 00 03 00 0a 	srag	%r11,%r11,3
 700:	a7 bb ff ff       	aghi	%r11,-1
 704:	ec 1b 00 15 a0 65 	clgrjnl	%r1,%r11,72e <__do_global_dtors_aux+0x86>
 70a:	a7 1b 00 01       	aghi	%r1,1
 70e:	c4 1b 00 00 0c 85 	stgrl	%r1,2018 <dtor_idx.7751>
 714:	eb 11 00 03 00 0d 	sllg	%r1,%r1,3
 71a:	e3 11 a0 00 00 04 	lg	%r1,0(%r1,%r10)
 720:	0d e1             	basr	%r14,%r1
 722:	c4 18 00 00 0c 7b 	lgrl	%r1,2018 <dtor_idx.7751>
 728:	ec 1b ff f1 40 65 	clgrjl	%r1,%r11,70a <__do_global_dtors_aux+0x62>
 72e:	c0 e5 ff ff ff 85 	brasl	%r14,638 <deregister_tm_clones>
 734:	92 01 90 00       	mvi	0(%r9),1
 738:	eb 9f f0 e8 00 04 	lmg	%r9,%r15,232(%r15)
 73e:	07 fe             	br	%r14

0000000000000740 <call___do_global_dtors_aux>:
 740:	eb ef f0 70 00 24 	stmg	%r14,%r15,112(%r15)
 746:	e3 f0 ff 60 ff 71 	lay	%r15,-160(%r15)
 74c:	eb ef f1 10 00 04 	lmg	%r14,%r15,272(%r15)
 752:	07 fe             	br	%r14
 754:	07 07             	nopr	%r7
 756:	07 07             	nopr	%r7

0000000000000758 <frame_dummy>:
 758:	c0 f4 ff ff ff 84 	jg	660 <register_tm_clones>
 75e:	07 07             	nopr	%r7

0000000000000760 <call_frame_dummy>:
 760:	eb ef f0 70 00 24 	stmg	%r14,%r15,112(%r15)
 766:	e3 f0 ff 60 ff 71 	lay	%r15,-160(%r15)
 76c:	eb ef f1 10 00 04 	lmg	%r14,%r15,272(%r15)
 772:	07 fe             	br	%r14
 774:	07 07             	nopr	%r7
 776:	07 07             	nopr	%r7

0000000000000778 <main>:
 778:	eb bf f0 58 00 24 	stmg	%r11,%r15,88(%r15)
 77e:	e3 f0 ff 60 ff 71 	lay	%r15,-160(%r15)
 784:	b9 04 00 bf       	lgr	%r11,%r15
 788:	c0 20 00 00 00 90 	larl	%r2,8a8 <_IO_stdin_used+0x4>
 78e:	c0 e5 ff ff ff 0f 	brasl	%r14,5ac <puts@plt>
 794:	a7 18 00 00       	lhi	%r1,0
 798:	b9 14 00 11       	lgfr	%r1,%r1
 79c:	b9 04 00 21       	lgr	%r2,%r1
 7a0:	eb bf b0 f8 00 04 	lmg	%r11,%r15,248(%r11)
 7a6:	07 fe             	br	%r14

00000000000007a8 <__libc_csu_init>:
 7a8:	eb 7f f0 38 00 24 	stmg	%r7,%r15,56(%r15)
 7ae:	e3 f0 ff 60 ff 71 	lay	%r15,-160(%r15)
 7b4:	b9 04 00 92       	lgr	%r9,%r2
 7b8:	b9 04 00 83       	lgr	%r8,%r3
 7bc:	b9 04 00 74       	lgr	%r7,%r4
 7c0:	c0 b0 00 00 0b 0c 	larl	%r11,1dd8 <__CTOR_LIST__>
 7c6:	c0 e5 ff ff fe ad 	brasl	%r14,520 <_init>
 7cc:	c0 10 00 00 0b 06 	larl	%r1,1dd8 <__CTOR_LIST__>
 7d2:	b9 09 00 b1       	sgr	%r11,%r1
 7d6:	eb bb 00 03 00 0a 	srag	%r11,%r11,3
 7dc:	ec b8 00 13 00 7c 	cgije	%r11,0,802 <__libc_csu_init+0x5a>
 7e2:	b9 04 00 a1       	lgr	%r10,%r1
 7e6:	e3 10 a0 00 00 04 	lg	%r1,0(%r10)
 7ec:	b9 04 00 47       	lgr	%r4,%r7
 7f0:	b9 04 00 38       	lgr	%r3,%r8
 7f4:	b9 04 00 29       	lgr	%r2,%r9
 7f8:	a7 ab 00 08       	aghi	%r10,8
 7fc:	0d e1             	basr	%r14,%r1
 7fe:	a7 b7 ff f4       	brctg	%r11,7e6 <__libc_csu_init+0x3e>
 802:	eb 7f f0 d8 00 04 	lmg	%r7,%r15,216(%r15)
 808:	07 fe             	br	%r14
 80a:	07 07             	nopr	%r7
 80c:	07 07             	nopr	%r7
 80e:	07 07             	nopr	%r7

0000000000000810 <__libc_csu_fini>:
 810:	07 fe             	br	%r14
 812:	07 07             	nopr	%r7
 814:	07 07             	nopr	%r7
 816:	07 07             	nopr	%r7

0000000000000818 <__do_global_ctors_aux>:
 818:	c4 18 00 00 0a e0 	lgrl	%r1,1dd8 <__CTOR_LIST__>
 81e:	ec 18 00 1a ff 7c 	cgije	%r1,-1,852 <__do_global_ctors_aux+0x3a>
 824:	eb bf f0 58 00 24 	stmg	%r11,%r15,88(%r15)
 82a:	e3 f0 ff 60 ff 71 	lay	%r15,-160(%r15)
 830:	c0 b0 00 00 0a d4 	larl	%r11,1dd8 <__CTOR_LIST__>
 836:	0d e1             	basr	%r14,%r1
 838:	e3 b0 bf f8 ff 71 	lay	%r11,-8(%r11)
 83e:	e3 10 b0 00 00 04 	lg	%r1,0(%r11)
 844:	ec 16 ff f9 ff 7c 	cgijne	%r1,-1,836 <__do_global_ctors_aux+0x1e>
 84a:	eb bf f0 f8 00 04 	lmg	%r11,%r15,248(%r15)
 850:	07 fe             	br	%r14
 852:	07 fe             	br	%r14
 854:	07 07             	nopr	%r7
 856:	07 07             	nopr	%r7

0000000000000858 <call___do_global_ctors_aux>:
 858:	eb ef f0 70 00 24 	stmg	%r14,%r15,112(%r15)
 85e:	e3 f0 ff 60 ff 71 	lay	%r15,-160(%r15)
 864:	eb ef f1 10 00 04 	lmg	%r14,%r15,272(%r15)
 86a:	07 fe             	br	%r14
 86c:	07 07             	nopr	%r7
 86e:	07 07             	nopr	%r7

Disassembly of section .fini:

0000000000000870 <_fini>:
 870:	eb 6f f0 30 00 24 	stmg	%r6,%r15,48(%r15)
 876:	b9 04 00 1f       	lgr	%r1,%r15
 87a:	a7 fb ff 60       	aghi	%r15,-160
 87e:	e3 10 f0 00 00 24 	stg	%r1,0(%r15)
 884:	c0 c0 00 00 0b 92 	larl	%r12,1fa8 <_GLOBAL_OFFSET_TABLE_>
 88a:	07 07             	nopr	%r7
 88c:	c0 e5 ff ff ff 0e 	brasl	%r14,6a8 <__do_global_dtors_aux>
 892:	07 07             	nopr	%r7
 894:	e3 40 f1 10 00 04 	lg	%r4,272(%r15)
 89a:	eb 6f f0 d0 00 04 	lmg	%r6,%r15,208(%r15)
 8a0:	07 f4             	br	%r4
 8a2:	07 07             	nopr	%r7
